0 info it worked if it ends with ok
1 verbose cli [ 'node',
1 verbose cli   '/Users/rnbwd/.nvm/versions/node/v0.12.0/bin/npm',
1 verbose cli   'install',
1 verbose cli   '-q' ]
2 info using npm@2.6.0
3 info using node@v0.12.0
4 verbose install where, deps [ '/Users/rnbwd/Projects/RnbWd/NPM-REPOS/commit',
4 verbose install   [ 'local-debug', 'local-dympl' ] ]
5 verbose install where, peers [ '/Users/rnbwd/Projects/RnbWd/NPM-REPOS/commit', [] ]
6 info preinstall local-commit@0.1.1
7 silly cache add args [ 'local-debug@0.0.1', null ]
8 verbose cache add spec local-debug@0.0.1
9 silly cache add args [ 'local-dympl@0.0.5', null ]
10 verbose cache add spec local-dympl@0.0.5
11 silly cache add parsed spec { raw: 'local-debug@0.0.1',
11 silly cache add   scope: null,
11 silly cache add   name: 'local-debug',
11 silly cache add   rawSpec: '0.0.1',
11 silly cache add   spec: '0.0.1',
11 silly cache add   type: 'version' }
12 verbose addNamed local-debug@0.0.1
13 silly addNamed semver.valid 0.0.1
14 silly addNamed semver.validRange 0.0.1
15 silly mapToRegistry name local-debug
16 silly mapToRegistry using default registry
17 silly mapToRegistry registry https://npm.nasync.com/
18 silly mapToRegistry uri https://npm.nasync.com/local-debug
19 verbose addNameVersion registry:https://npm.nasync.com/local-debug not in flight; fetching
20 silly cache add parsed spec { raw: 'local-dympl@0.0.5',
20 silly cache add   scope: null,
20 silly cache add   name: 'local-dympl',
20 silly cache add   rawSpec: '0.0.5',
20 silly cache add   spec: '0.0.5',
20 silly cache add   type: 'version' }
21 verbose addNamed local-dympl@0.0.5
22 silly addNamed semver.valid 0.0.5
23 silly addNamed semver.validRange 0.0.5
24 silly mapToRegistry name local-dympl
25 silly mapToRegistry using default registry
26 silly mapToRegistry registry https://npm.nasync.com/
27 silly mapToRegistry uri https://npm.nasync.com/local-dympl
28 verbose addNameVersion registry:https://npm.nasync.com/local-dympl not in flight; fetching
29 verbose request uri https://npm.nasync.com/local-debug
30 verbose request no auth needed
31 info attempt registry request try #1 at 10:10:23 PM
32 verbose request using bearer token for auth
33 verbose request id f9a33644d41ecec9
34 http request GET https://npm.nasync.com/local-debug
35 verbose request uri https://npm.nasync.com/local-dympl
36 verbose request no auth needed
37 info attempt registry request try #1 at 10:10:23 PM
38 verbose request using bearer token for auth
39 http request GET https://npm.nasync.com/local-dympl
40 http 404 https://npm.nasync.com/local-dympl
41 verbose headers { server: 'nginx',
41 verbose headers   date: 'Wed, 25 Feb 2015 06:10:23 GMT',
41 verbose headers   'content-type': 'application/json; charset=utf-8',
41 verbose headers   'content-length': '43',
41 verbose headers   connection: 'keep-alive',
41 verbose headers   'x-powered-by': 'Sinopia/1.0.0-docker',
41 verbose headers   etag: 'W/"2b-d418f262"',
41 verbose headers   vary: 'Accept-Encoding',
41 verbose headers   'x-status-cat': 'http://flic.kr/p/aV6juR' }
42 silly get cb [ 404,
42 silly get   { server: 'nginx',
42 silly get     date: 'Wed, 25 Feb 2015 06:10:23 GMT',
42 silly get     'content-type': 'application/json; charset=utf-8',
42 silly get     'content-length': '43',
42 silly get     connection: 'keep-alive',
42 silly get     'x-powered-by': 'Sinopia/1.0.0-docker',
42 silly get     etag: 'W/"2b-d418f262"',
42 silly get     vary: 'Accept-Encoding',
42 silly get     'x-status-cat': 'http://flic.kr/p/aV6juR' } ]
43 http 200 https://npm.nasync.com/local-debug
44 silly get cb [ 200,
44 silly get   { server: 'nginx',
44 silly get     date: 'Wed, 25 Feb 2015 06:10:23 GMT',
44 silly get     'content-type': 'application/json; charset=utf-8',
44 silly get     'transfer-encoding': 'chunked',
44 silly get     connection: 'keep-alive',
44 silly get     'x-powered-by': 'Sinopia/1.0.0-docker',
44 silly get     etag: '"215b4d2d6f5ba9f471edb6d66bc7c850"',
44 silly get     vary: 'Accept-Encoding',
44 silly get     'content-encoding': 'gzip',
44 silly get     'x-status-cat': 'http://flic.kr/p/aVuVsF',
44 silly get     'strict-transport-security': 'max-age=15768000; includeSubdomains;' } ]
45 verbose get saving local-debug to /Users/rnbwd/.npm/npm.nasync.com/local-debug/.cache.json
46 verbose stack Error: no such package available : local-dympl
46 verbose stack     at CachingRegistryClient.<anonymous> (/Users/rnbwd/.nvm/versions/node/v0.12.0/lib/node_modules/npm/node_modules/npm-registry-client/lib/request.js:254:14)
46 verbose stack     at Request._callback (/Users/rnbwd/.nvm/versions/node/v0.12.0/lib/node_modules/npm/node_modules/npm-registry-client/lib/request.js:178:14)
46 verbose stack     at Request.self.callback (/Users/rnbwd/.nvm/versions/node/v0.12.0/lib/node_modules/npm/node_modules/request/request.js:344:22)
46 verbose stack     at Request.emit (events.js:110:17)
46 verbose stack     at Request.<anonymous> (/Users/rnbwd/.nvm/versions/node/v0.12.0/lib/node_modules/npm/node_modules/request/request.js:1239:14)
46 verbose stack     at Request.emit (events.js:129:20)
46 verbose stack     at IncomingMessage.<anonymous> (/Users/rnbwd/.nvm/versions/node/v0.12.0/lib/node_modules/npm/node_modules/request/request.js:1187:12)
46 verbose stack     at IncomingMessage.emit (events.js:129:20)
46 verbose stack     at _stream_readable.js:908:16
46 verbose stack     at process._tickCallback (node.js:355:11)
47 verbose statusCode 404
48 verbose pkgid local-dympl
49 verbose cwd /Users/rnbwd/Projects/RnbWd/NPM-REPOS/commit
50 error Darwin 14.1.0
51 error argv "node" "/Users/rnbwd/.nvm/versions/node/v0.12.0/bin/npm" "install" "-q"
52 error node v0.12.0
53 error npm  v2.6.0
54 error code E404
55 error 404 no such package available : local-dympl
55 error 404
55 error 404 'local-dympl' is not in the npm registry.
55 error 404 You should bug the author to publish it (or use the name yourself!)
55 error 404 It was specified as a dependency of 'local-commit'
55 error 404
55 error 404 Note that you can also install from a
55 error 404 tarball, folder, http url, or git url.
56 verbose exit [ 1, true ]
